  Downloading https://github.com/microsoft/vcpkg-tool/releases/download/2023-09-15/vcpkg.exe -> C:\Users\adria\Documents\GitHub\VertX-Game-Engine\vcpkg\vcpkg.exe... done.
  Validating signature... done.
  
  vcpkg package management program version 2023-09-15-ac02a9f660977426b8ec6392919fbb1d51b10998
  
  See LICENSE.txt for license information.
  Telemetry
  ---------
  vcpkg collects usage data in order to help us improve your experience.
  The data collected by Microsoft is anonymous.
  You can opt-out of telemetry by re-running the bootstrap-vcpkg script with -disableMetrics,
  passing --disable-metrics to vcpkg on the command line,
  or by setting the VCPKG_DISABLE_METRICS environment variable.
  
  Read more about vcpkg telemetry at docs/about/privacy.md
  Computing installation plan...
  The following packages are already installed:
      jsoncpp:x64-windows -> 1.9.5#1
      sdl2[core,base]:x64-windows -> 2.28.4#1
  The following packages will be rebuilt:
      imgui[core,docking-experimental,opengl3-binding,sdl2-binding]:x64-windows -> 1.89.9
  Detecting compiler hash for triplet x64-windows...
  Restored 1 package(s) from C:\Users\adria\AppData\Local\vcpkg\archives in 122 ms. Use --debug to see more details.
  Removing 1/2 imgui:x64-windows
  Elapsed time to handle imgui:x64-windows: 12.1 ms
  sdl2:x64-windows is already installed
  jsoncpp:x64-windows is already installed
  Installing 2/2 imgui:x64-windows...
  Elapsed time to handle imgui:x64-windows: 19.8 ms
  Total install time: 32 ms
  sdl2 provides CMake targets:
  
      find_package(SDL2 CONFIG REQUIRED)
      target_link_libraries(main
          PRIVATE
          $<TARGET_NAME_IF_EXISTS:SDL2::SDL2main>
          $<IF:$<TARGET_EXISTS:SDL2::SDL2>,SDL2::SDL2,SDL2::SDL2-static>
      )
  
  jsoncpp provides CMake targets:
  
    # this is heuristically generated, and may not be correct
    find_package(jsoncpp CONFIG REQUIRED)
    target_link_libraries(main PRIVATE JsonCpp::JsonCpp)
  
  imgui provides CMake targets:
  
    # this is heuristically generated, and may not be correct
    find_package(imgui CONFIG REQUIRED)
    target_link_libraries(main PRIVATE imgui::imgui)
  
  ..\vcpkg\installed\x64-windows\bin\assimp-vc143-mt.dll
  ..\vcpkg\installed\x64-windows\bin\assimp-vc143-mt.pdb
  ..\vcpkg\installed\x64-windows\bin\DevIL.dll
  ..\vcpkg\installed\x64-windows\bin\DevIL.pdb
  ..\vcpkg\installed\x64-windows\bin\freeglut.dll
  ..\vcpkg\installed\x64-windows\bin\freeglut.pdb
  ..\vcpkg\installed\x64-windows\bin\glew32.dll
  ..\vcpkg\installed\x64-windows\bin\glew32.pdb
  ..\vcpkg\installed\x64-windows\bin\Iex-3_1.dll
  ..\vcpkg\installed\x64-windows\bin\Iex-3_1.pdb
  ..\vcpkg\installed\x64-windows\bin\IlmThread-3_1.dll
  ..\vcpkg\installed\x64-windows\bin\IlmThread-3_1.pdb
  ..\vcpkg\installed\x64-windows\bin\ILU.dll
  ..\vcpkg\installed\x64-windows\bin\ILU.pdb
  ..\vcpkg\installed\x64-windows\bin\ILUT.dll
  ..\vcpkg\installed\x64-windows\bin\ILUT.pdb
  ..\vcpkg\installed\x64-windows\bin\Imath-3_1.dll
  ..\vcpkg\installed\x64-windows\bin\Imath-3_1.pdb
  ..\vcpkg\installed\x64-windows\bin\jasper.dll
  ..\vcpkg\installed\x64-windows\bin\jasper.pdb
  ..\vcpkg\installed\x64-windows\bin\jpeg62.dll
  ..\vcpkg\installed\x64-windows\bin\jpeg62.pdb
  ..\vcpkg\installed\x64-windows\bin\jsoncpp.dll
  ..\vcpkg\installed\x64-windows\bin\jsoncpp.pdb
  ..\vcpkg\installed\x64-windows\bin\lcms2.dll
  ..\vcpkg\installed\x64-windows\bin\lcms2.pdb
  ..\vcpkg\installed\x64-windows\bin\liblzma.dll
  ..\vcpkg\installed\x64-windows\bin\liblzma.pdb
  ..\vcpkg\installed\x64-windows\bin\libpng16.dll
  ..\vcpkg\installed\x64-windows\bin\libpng16.pdb
  ..\vcpkg\installed\x64-windows\bin\minizip.dll
  ..\vcpkg\installed\x64-windows\bin\minizip.pdb
  ..\vcpkg\installed\x64-windows\bin\OpenEXR-3_1.dll
  ..\vcpkg\installed\x64-windows\bin\OpenEXR-3_1.pdb
  ..\vcpkg\installed\x64-windows\bin\OpenEXRCore-3_1.dll
  ..\vcpkg\installed\x64-windows\bin\OpenEXRCore-3_1.pdb
  ..\vcpkg\installed\x64-windows\bin\OpenEXRUtil-3_1.dll
  ..\vcpkg\installed\x64-windows\bin\OpenEXRUtil-3_1.pdb
  ..\vcpkg\installed\x64-windows\bin\pugixml.dll
  ..\vcpkg\installed\x64-windows\bin\pugixml.pdb
  ..\vcpkg\installed\x64-windows\bin\SDL2.dll
  ..\vcpkg\installed\x64-windows\bin\SDL2.pdb
  ..\vcpkg\installed\x64-windows\bin\tiff.dll
  ..\vcpkg\installed\x64-windows\bin\tiff.pdb
  ..\vcpkg\installed\x64-windows\bin\turbojpeg.dll
  ..\vcpkg\installed\x64-windows\bin\turbojpeg.pdb
  ..\vcpkg\installed\x64-windows\bin\zlib.pdb
  ..\vcpkg\installed\x64-windows\bin\zlib1.dll
         48 archivo(s) copiado(s).
  Application.cpp
  log.cpp
  main.cpp
  ModuleInput.cpp
  ModuleRenderer.cpp
  ModuleUI.cpp
  ModuleWindow.cpp
  Generating Code...
LINK : warning LNK4098: defaultlib 'MSVCRT' conflicts with use of other libs; use /NODEFAULTLIB:library
  GameEditor.vcxproj -> C:\Users\adria\Documents\GitHub\VertX-Game-Engine\x64\Debug\GameEditor.exe
