  Downloading https://github.com/microsoft/vcpkg-tool/releases/download/2023-09-15/vcpkg.exe -> C:\Users\adria\Documents\GitHub\VertX-Game-Engine\vcpkg\vcpkg.exe... done.
  Validating signature... done.
  
  vcpkg package management program version 2023-09-15-ac02a9f660977426b8ec6392919fbb1d51b10998
  
  See LICENSE.txt for license information.
  Telemetry
  ---------
  vcpkg collects usage data in order to help us improve your experience.
  The data collected by Microsoft is anonymous.
  You can opt-out of telemetry by re-running the bootstrap-vcpkg script with -disableMetrics,
  passing --disable-metrics to vcpkg on the command line,
  or by setting the VCPKG_DISABLE_METRICS environment variable.
  
  Read more about vcpkg telemetry at docs/about/privacy.md
  Computing installation plan...
  The following packages are already installed:
      imgui[core,docking-experimental,sdl2-binding,opengl3-binding]:x64-windows -> 1.89.9
      jsoncpp:x64-windows -> 1.9.5#1
      sdl2[core,base]:x64-windows -> 2.28.4#1
  imgui:x64-windows is already installed
  jsoncpp:x64-windows is already installed
  sdl2:x64-windows is already installed
  Total install time: 45.8 us
  imgui provides CMake targets:
  
    # this is heuristically generated, and may not be correct
    find_package(imgui CONFIG REQUIRED)
    target_link_libraries(main PRIVATE imgui::imgui)
  
  jsoncpp provides CMake targets:
  
    # this is heuristically generated, and may not be correct
    find_package(jsoncpp CONFIG REQUIRED)
    target_link_libraries(main PRIVATE JsonCpp::JsonCpp)
  
  sdl2 provides CMake targets:
  
      find_package(SDL2 CONFIG REQUIRED)
      target_link_libraries(main
          PRIVATE
          $<TARGET_NAME_IF_EXISTS:SDL2::SDL2main>
          $<IF:$<TARGET_EXISTS:SDL2::SDL2>,SDL2::SDL2,SDL2::SDL2-static>
      )
  
  ..\vcpkg\installed\x64-windows\bin\assimp-vc143-mt.dll
  ..\vcpkg\installed\x64-windows\bin\assimp-vc143-mt.pdb
  ..\vcpkg\installed\x64-windows\bin\DevIL.dll
  ..\vcpkg\installed\x64-windows\bin\DevIL.pdb
  ..\vcpkg\installed\x64-windows\bin\freeglut.dll
  ..\vcpkg\installed\x64-windows\bin\freeglut.pdb
  ..\vcpkg\installed\x64-windows\bin\glew32.dll
  ..\vcpkg\installed\x64-windows\bin\glew32.pdb
  ..\vcpkg\installed\x64-windows\bin\Iex-3_1.dll
  ..\vcpkg\installed\x64-windows\bin\Iex-3_1.pdb
  ..\vcpkg\installed\x64-windows\bin\IlmThread-3_1.dll
  ..\vcpkg\installed\x64-windows\bin\IlmThread-3_1.pdb
  ..\vcpkg\installed\x64-windows\bin\ILU.dll
  ..\vcpkg\installed\x64-windows\bin\ILU.pdb
  ..\vcpkg\installed\x64-windows\bin\ILUT.dll
  ..\vcpkg\installed\x64-windows\bin\ILUT.pdb
  ..\vcpkg\installed\x64-windows\bin\Imath-3_1.dll
  ..\vcpkg\installed\x64-windows\bin\Imath-3_1.pdb
  ..\vcpkg\installed\x64-windows\bin\jasper.dll
  ..\vcpkg\installed\x64-windows\bin\jasper.pdb
  ..\vcpkg\installed\x64-windows\bin\jpeg62.dll
  ..\vcpkg\installed\x64-windows\bin\jpeg62.pdb
  ..\vcpkg\installed\x64-windows\bin\jsoncpp.dll
  ..\vcpkg\installed\x64-windows\bin\jsoncpp.pdb
  ..\vcpkg\installed\x64-windows\bin\lcms2.dll
  ..\vcpkg\installed\x64-windows\bin\lcms2.pdb
  ..\vcpkg\installed\x64-windows\bin\liblzma.dll
  ..\vcpkg\installed\x64-windows\bin\liblzma.pdb
  ..\vcpkg\installed\x64-windows\bin\libpng16.dll
  ..\vcpkg\installed\x64-windows\bin\libpng16.pdb
  ..\vcpkg\installed\x64-windows\bin\minizip.dll
  ..\vcpkg\installed\x64-windows\bin\minizip.pdb
  ..\vcpkg\installed\x64-windows\bin\OpenEXR-3_1.dll
  ..\vcpkg\installed\x64-windows\bin\OpenEXR-3_1.pdb
  ..\vcpkg\installed\x64-windows\bin\OpenEXRCore-3_1.dll
  ..\vcpkg\installed\x64-windows\bin\OpenEXRCore-3_1.pdb
  ..\vcpkg\installed\x64-windows\bin\OpenEXRUtil-3_1.dll
  ..\vcpkg\installed\x64-windows\bin\OpenEXRUtil-3_1.pdb
  ..\vcpkg\installed\x64-windows\bin\pugixml.dll
  ..\vcpkg\installed\x64-windows\bin\pugixml.pdb
  ..\vcpkg\installed\x64-windows\bin\SDL2.dll
  ..\vcpkg\installed\x64-windows\bin\SDL2.pdb
  ..\vcpkg\installed\x64-windows\bin\tiff.dll
  ..\vcpkg\installed\x64-windows\bin\tiff.pdb
  ..\vcpkg\installed\x64-windows\bin\turbojpeg.dll
  ..\vcpkg\installed\x64-windows\bin\turbojpeg.pdb
  ..\vcpkg\installed\x64-windows\bin\zlib.pdb
  ..\vcpkg\installed\x64-windows\bin\zlib1.dll
         48 archivo(s) copiado(s).
  ModuleWindow.cpp
LINK : warning LNK4098: defaultlib 'MSVCRT' conflicts with use of other libs; use /NODEFAULTLIB:library
  Editor.vcxproj -> C:\Users\adria\Documents\GitHub\VertX-Game-Engine\x64\Debug\Editor.exe
